  main.cpp
j:\qzqworkspace\workspace\vs2015\imageprocess\mystudy\frombook-opencv算法精解\2.2 认识opencv中的mat类\2.2 认识opencv中的mat类\main.cpp(32): error C2678: 二进制“<<”: 没有找到接受“std::ostream”类型的左操作数的运算符(或没有可接受的转换)
  c:\program files (x86)\microsoft visual studio 14.0\vc\include\ostream(495): note: 可能是“std::basic_ostream<char,std::char_traits<char>> &std::basic_ostream<char,std::char_traits<char>>::operator <<(std::basic_streambuf<char,std::char_traits<char>> *)”
  c:\program files (x86)\microsoft visual studio 14.0\vc\include\ostream(475): note: 或  “std::basic_ostream<char,std::char_traits<char>> &std::basic_ostream<char,std::char_traits<char>>::operator <<(const void *)”
  c:\program files (x86)\microsoft visual studio 14.0\vc\include\ostream(455): note: 或  “std::basic_ostream<char,std::char_traits<char>> &std::basic_ostream<char,std::char_traits<char>>::operator <<(long double)”
  c:\program files (x86)\microsoft visual studio 14.0\vc\include\ostream(435): note: 或  “std::basic_ostream<char,std::char_traits<char>> &std::basic_ostream<char,std::char_traits<char>>::operator <<(double)”
  c:\program files (x86)\microsoft visual studio 14.0\vc\include\ostream(415): note: 或  “std::basic_ostream<char,std::char_traits<char>> &std::basic_ostream<char,std::char_traits<char>>::operator <<(float)”
  c:\program files (x86)\microsoft visual studio 14.0\vc\include\ostream(395): note: 或  “std::basic_ostream<char,std::char_traits<char>> &std::basic_ostream<char,std::char_traits<char>>::operator <<(unsigned __int64)”
  c:\program files (x86)\microsoft visual studio 14.0\vc\include\ostream(375): note: 或  “std::basic_ostream<char,std::char_traits<char>> &std::basic_ostream<char,std::char_traits<char>>::operator <<(__int64)”
  c:\program files (x86)\microsoft visual studio 14.0\vc\include\ostream(355): note: 或  “std::basic_ostream<char,std::char_traits<char>> &std::basic_ostream<char,std::char_traits<char>>::operator <<(unsigned long)”
  c:\program files (x86)\microsoft visual studio 14.0\vc\include\ostream(335): note: 或  “std::basic_ostream<char,std::char_traits<char>> &std::basic_ostream<char,std::char_traits<char>>::operator <<(long)”
  c:\program files (x86)\microsoft visual studio 14.0\vc\include\ostream(315): note: 或  “std::basic_ostream<char,std::char_traits<char>> &std::basic_ostream<char,std::char_traits<char>>::operator <<(unsigned int)”
  c:\program files (x86)\microsoft visual studio 14.0\vc\include\ostream(290): note: 或  “std::basic_ostream<char,std::char_traits<char>> &std::basic_ostream<char,std::char_traits<char>>::operator <<(int)”
  c:\program files (x86)\microsoft visual studio 14.0\vc\include\ostream(270): note: 或  “std::basic_ostream<char,std::char_traits<char>> &std::basic_ostream<char,std::char_traits<char>>::operator <<(unsigned short)”
  c:\program files (x86)\microsoft visual studio 14.0\vc\include\ostream(236): note: 或  “std::basic_ostream<char,std::char_traits<char>> &std::basic_ostream<char,std::char_traits<char>>::operator <<(short)”
  c:\program files (x86)\microsoft visual studio 14.0\vc\include\ostream(216): note: 或  “std::basic_ostream<char,std::char_traits<char>> &std::basic_ostream<char,std::char_traits<char>>::operator <<(bool)”
  c:\program files (x86)\microsoft visual studio 14.0\vc\include\ostream(209): note: 或  “std::basic_ostream<char,std::char_traits<char>> &std::basic_ostream<char,std::char_traits<char>>::operator <<(std::ios_base &(__cdecl *)(std::ios_base &))”
  c:\program files (x86)\microsoft visual studio 14.0\vc\include\ostream(202): note: 或  “std::basic_ostream<char,std::char_traits<char>> &std::basic_ostream<char,std::char_traits<char>>::operator <<(std::basic_ios<char,std::char_traits<char>> &(__cdecl *)(std::basic_ios<char,std::char_traits<char>> &))”
  c:\program files (x86)\microsoft visual studio 14.0\vc\include\ostream(196): note: 或  “std::basic_ostream<char,std::char_traits<char>> &std::basic_ostream<char,std::char_traits<char>>::operator <<(std::basic_ostream<char,std::char_traits<char>> &(__cdecl *)(std::basic_ostream<char,std::char_traits<char>> &))”
  c:\opencv2.4.2\opencv\build\include\opencv2\core\operations.hpp(3844): note: 或  “std::ostream &cv::operator <<(std::ostream &,const cv::Formatted &)”
  c:\opencv2.4.2\opencv\build\include\opencv2\core\operations.hpp(3831): note: 或  “std::ostream &cv::operator <<(std::ostream &,const cv::Mat &)”
  c:\opencv2.4.2\opencv\build\include\opencv2\core\operations.hpp(2919): note: 或  “cv::FileStorage &cv::operator <<(cv::FileStorage &,const char *)”
  c:\opencv2.4.2\opencv\build\include\opencv2\core\operations.hpp(2917): note: 或  “cv::FileStorage &cv::operator <<(cv::FileStorage &,const std::string &)”
  c:\program files (x86)\microsoft visual studio 14.0\vc\include\ostream(1019): note: 或  “std::basic_ostream<char,std::char_traits<char>> &std::operator <<<char,std::char_traits<char>>(std::basic_ostream<char,std::char_traits<char>> &,const std::error_code &)”
  c:\program files (x86)\microsoft visual studio 14.0\vc\include\ostream(981): note: 或  “std::basic_ostream<char,std::char_traits<char>> &std::operator <<<char,std::char_traits<char>,cv::Size>(std::basic_ostream<char,std::char_traits<char>> &&,const _Ty &)”
          with
          [
              _Ty=cv::Size
          ]
  c:\program files (x86)\microsoft visual studio 14.0\vc\include\ostream(971): note: 或  “std::basic_ostream<char,std::char_traits<char>> &std::operator <<<std::char_traits<char>>(std::basic_ostream<char,std::char_traits<char>> &,unsigned char)”
  c:\program files (x86)\microsoft visual studio 14.0\vc\include\ostream(964): note: 或  “std::basic_ostream<char,std::char_traits<char>> &std::operator <<<std::char_traits<char>>(std::basic_ostream<char,std::char_traits<char>> &,const unsigned char *)”
  c:\program files (x86)\microsoft visual studio 14.0\vc\include\ostream(957): note: 或  “std::basic_ostream<char,std::char_traits<char>> &std::operator <<<std::char_traits<char>>(std::basic_ostream<char,std::char_traits<char>> &,signed char)”
  c:\program files (x86)\microsoft visual studio 14.0\vc\include\ostream(950): note: 或  “std::basic_ostream<char,std::char_traits<char>> &std::operator <<<std::char_traits<char>>(std::basic_ostream<char,std::char_traits<char>> &,const signed char *)”
  c:\program files (x86)\microsoft visual studio 14.0\vc\include\ostream(824): note: 或  “std::basic_ostream<char,std::char_traits<char>> &std::operator <<<std::char_traits<char>>(std::basic_ostream<char,std::char_traits<char>> &,char)”
  c:\program files (x86)\microsoft visual studio 14.0\vc\include\ostream(777): note: 或  “std::basic_ostream<char,std::char_traits<char>> &std::operator <<<std::char_traits<char>>(std::basic_ostream<char,std::char_traits<char>> &,const char *)”
  c:\program files (x86)\microsoft visual studio 14.0\vc\include\ostream(739): note: 或  “std::basic_ostream<char,std::char_traits<char>> &std::operator <<<char,std::char_traits<char>>(std::basic_ostream<char,std::char_traits<char>> &,char)”
  c:\program files (x86)\microsoft visual studio 14.0\vc\include\ostream(692): note: 或  “std::basic_ostream<char,std::char_traits<char>> &std::operator <<<char,std::char_traits<char>>(std::basic_ostream<char,std::char_traits<char>> &,const char *)”
  c:\opencv2.4.2\opencv\build\include\opencv2\core\operations.hpp(2905): note: 或  “cv::FileStorage &cv::operator <<<cv::Size>(cv::FileStorage &,const _Tp &)”
          with
          [
              _Tp=cv::Size
          ]
  j:\qzqworkspace\workspace\vs2015\imageprocess\mystudy\frombook-opencv算法精解\2.2 认识opencv中的mat类\2.2 认识opencv中的mat类\main.cpp(32): note: 尝试匹配参数列表“(std::ostream, cv::Size)”时
j:\qzqworkspace\workspace\vs2015\imageprocess\mystudy\frombook-opencv算法精解\2.2 认识opencv中的mat类\2.2 认识opencv中的mat类\main.cpp(71): warning C4018: “<”: 有符号/无符号不匹配
