  main.cpp
j:\qzqworkspace\workspace\vs2015\imageprocess\mystudy\frombook-opencv算法精解\11.2.4高通滤波器\11.2.4高通滤波器\main.cpp(50): warning C4244: “初始化”: 从“double”转换到“float”，可能丢失数据
j:\qzqworkspace\workspace\vs2015\imageprocess\mystudy\frombook-opencv算法精解\11.2.4高通滤波器\11.2.4高通滤波器\main.cpp(67): warning C4244: “初始化”: 从“double”转换到“float”，可能丢失数据
j:\qzqworkspace\workspace\vs2015\imageprocess\mystudy\frombook-opencv算法精解\11.2.4高通滤波器\11.2.4高通滤波器\main.cpp(68): warning C4244: “=”: 从“double”转换到“float”，可能丢失数据
j:\qzqworkspace\workspace\vs2015\imageprocess\mystudy\frombook-opencv算法精解\11.2.4高通滤波器\11.2.4高通滤波器\main.cpp(80): warning C4244: “初始化”: 从“double”转换到“float”，可能丢失数据
j:\qzqworkspace\workspace\vs2015\imageprocess\mystudy\frombook-opencv算法精解\11.2.4高通滤波器\11.2.4高通滤波器\main.cpp(82): warning C4244: “=”: 从“double”转换到“float”，可能丢失数据
j:\qzqworkspace\workspace\vs2015\imageprocess\mystudy\frombook-opencv算法精解\11.2.4高通滤波器\11.2.4高通滤波器\main.cpp(129): warning C4244: “参数”: 从“int”转换到“float”，可能丢失数据
main.obj : error LNK2019: 无法解析的外部符号 "public: __thiscall cv::Exception::Exception(int,class std::basic_string<char,struct std::char_traits<char>,class std::allocator<char> > const &,class std::basic_string<char,struct std::char_traits<char>,class std::allocator<char> > const &,class std::basic_string<char,struct std::char_traits<char>,class std::allocator<char> > const &,int)" (??0Exception@cv@@QAE@HABV?$basic_string@DU?$char_traits@D@std@@V?$allocator@D@2@@std@@00H@Z)，该符号在函数 "public: float & __thiscall cv::Mat::at<float>(int,int)" (??$at@M@Mat@cv@@QAEAAMHH@Z) 中被引用
main.obj : error LNK2019: 无法解析的外部符号 "public: virtual __thiscall cv::Exception::~Exception(void)" (??1Exception@cv@@UAE@XZ)，该符号在函数 "public: float & __thiscall cv::Mat::at<float>(int,int)" (??$at@M@Mat@cv@@QAEAAMHH@Z) 中被引用
main.obj : error LNK2019: 无法解析的外部符号 "void __cdecl cv::error(class cv::Exception const &)" (?error@cv@@YAXABVException@1@@Z)，该符号在函数 "public: float & __thiscall cv::Mat::at<float>(int,int)" (??$at@M@Mat@cv@@QAEAAMHH@Z) 中被引用
main.obj : error LNK2019: 无法解析的外部符号 "void __cdecl cv::fastFree(void *)" (?fastFree@cv@@YAXPAX@Z)，该符号在函数 "public: __thiscall cv::Mat::~Mat(void)" (??1Mat@cv@@QAE@XZ) 中被引用
main.obj : error LNK2019: 无法解析的外部符号 "public: __thiscall cv::_InputArray::_InputArray(class cv::Mat const &)" (??0_InputArray@cv@@QAE@ABVMat@1@@Z)，该符号在函数 "class cv::Mat __cdecl amplitudeSpectrum(class cv::Mat)" (?amplitudeSpectrum@@YA?AVMat@cv@@V12@@Z) 中被引用
main.obj : error LNK2019: 无法解析的外部符号 "public: __thiscall cv::_InputArray::_InputArray(class cv::MatExpr const &)" (??0_InputArray@cv@@QAE@ABVMatExpr@1@@Z)，该符号在函数 "class cv::Mat __cdecl grayAmplitude(class cv::Mat)" (?grayAmplitude@@YA?AVMat@cv@@V12@@Z) 中被引用
main.obj : error LNK2019: 无法解析的外部符号 "public: __thiscall cv::_OutputArray::_OutputArray(class cv::Mat &)" (??0_OutputArray@cv@@QAE@AAVMat@1@@Z)，该符号在函数 "class cv::Mat __cdecl amplitudeSpectrum(class cv::Mat)" (?amplitudeSpectrum@@YA?AVMat@cv@@V12@@Z) 中被引用
main.obj : error LNK2019: 无法解析的外部符号 "class cv::_OutputArray const & __cdecl cv::noArray(void)" (?noArray@cv@@YAABV_OutputArray@1@XZ)，该符号在函数 "class cv::Mat __cdecl grayAmplitude(class cv::Mat)" (?grayAmplitude@@YA?AVMat@cv@@V12@@Z) 中被引用
main.obj : error LNK2019: 无法解析的外部符号 "public: __thiscall cv::Mat::Mat(class cv::Mat const &,class cv::Rect_<int> const &)" (??0Mat@cv@@QAE@ABV01@ABV?$Rect_@H@1@@Z)，该符号在函数 "public: class cv::Mat __thiscall cv::Mat::operator()(class cv::Rect_<int> const &)const " (??RMat@cv@@QBE?AV01@ABV?$Rect_@H@1@@Z) 中被引用
main.obj : error LNK2019: 无法解析的外部符号 "public: void __thiscall cv::Mat::convertTo(class cv::_OutputArray const &,int,double,double)const " (?convertTo@Mat@cv@@QBEXABV_OutputArray@2@HNN@Z)，该符号在函数 "void __cdecl callback_lpFilter(int,void *)" (?callback_lpFilter@@YAXHPAX@Z) 中被引用
main.obj : error LNK2019: 无法解析的外部符号 "public: static class cv::MatExpr __cdecl cv::Mat::zeros(class cv::Size_<int>,int)" (?zeros@Mat@cv@@SA?AVMatExpr@2@V?$Size_@H@2@H@Z)，该符号在函数 "class cv::Mat __cdecl createLPFilter(class cv::Size_<int>,class cv::Point_<int>,float,int,int)" (?createLPFilter@@YA?AVMat@cv@@V?$Size_@H@2@V?$Point_@H@2@MHH@Z) 中被引用
main.obj : error LNK2019: 无法解析的外部符号 "public: void __thiscall cv::Mat::create(int,int const *,int)" (?create@Mat@cv@@QAEXHPBHH@Z)，该符号在函数 "public: void __thiscall cv::Mat::create(int,int,int)" (?create@Mat@cv@@QAEXHHH@Z) 中被引用
main.obj : error LNK2019: 无法解析的外部符号 "public: void __thiscall cv::Mat::deallocate(void)" (?deallocate@Mat@cv@@QAEXXZ)，该符号在函数 "public: void __thiscall cv::Mat::release(void)" (?release@Mat@cv@@QAEXXZ) 中被引用
main.obj : error LNK2019: 无法解析的外部符号 "public: void __thiscall cv::Mat::copySize(class cv::Mat const &)" (?copySize@Mat@cv@@QAEXABV12@@Z)，该符号在函数 "public: __thiscall cv::Mat::Mat(class cv::Mat const &)" (??0Mat@cv@@QAE@ABV01@@Z) 中被引用
main.obj : error LNK2019: 无法解析的外部符号 "void __cdecl cv::normalize(class cv::_InputArray const &,class cv::_OutputArray const &,double,double,int,int,class cv::_InputArray const &)" (?normalize@cv@@YAXABV_InputArray@1@ABV_OutputArray@1@NNHH0@Z)，该符号在函数 "class cv::Mat __cdecl grayAmplitude(class cv::Mat)" (?grayAmplitude@@YA?AVMat@cv@@V12@@Z) 中被引用
main.obj : error LNK2019: 无法解析的外部符号 "void __cdecl cv::minMaxLoc(class cv::_InputArray const &,double *,double *,class cv::Point_<int> *,class cv::Point_<int> *,class cv::_InputArray const &)" (?minMaxLoc@cv@@YAXABV_InputArray@1@PAN1PAV?$Point_@H@1@20@Z)，该符号在函数 _main 中被引用
main.obj : error LNK2019: 无法解析的外部符号 "void __cdecl cv::split(class cv::Mat const &,class std::vector<class cv::Mat,class std::allocator<class cv::Mat> > &)" (?split@cv@@YAXABVMat@1@AAV?$vector@VMat@cv@@V?$allocator@VMat@cv@@@std@@@std@@@Z)，该符号在函数 "class cv::Mat __cdecl amplitudeSpectrum(class cv::Mat)" (?amplitudeSpectrum@@YA?AVMat@cv@@V12@@Z) 中被引用
main.obj : error LNK2019: 无法解析的外部符号 "void __cdecl cv::log(class cv::_InputArray const &,class cv::_OutputArray const &)" (?log@cv@@YAXABV_InputArray@1@ABV_OutputArray@1@@Z)，该符号在函数 "class cv::Mat __cdecl grayAmplitude(class cv::Mat)" (?grayAmplitude@@YA?AVMat@cv@@V12@@Z) 中被引用
main.obj : error LNK2019: 无法解析的外部符号 "void __cdecl cv::magnitude(class cv::_InputArray const &,class cv::_InputArray const &,class cv::_OutputArray const &)" (?magnitude@cv@@YAXABV_InputArray@1@0ABV_OutputArray@1@@Z)，该符号在函数 "class cv::Mat __cdecl amplitudeSpectrum(class cv::Mat)" (?amplitudeSpectrum@@YA?AVMat@cv@@V12@@Z) 中被引用
main.obj : error LNK2019: 无法解析的外部符号 "void __cdecl cv::dft(class cv::_InputArray const &,class cv::_OutputArray const &,int,int)" (?dft@cv@@YAXABV_InputArray@1@ABV_OutputArray@1@HH@Z)，该符号在函数 "void __cdecl callback_lpFilter(int,void *)" (?callback_lpFilter@@YAXHPAX@Z) 中被引用
main.obj : error LNK2019: 无法解析的外部符号 "int __cdecl cv::getOptimalDFTSize(int)" (?getOptimalDFTSize@cv@@YAHH@Z)，该符号在函数 "class cv::Mat __cdecl ff2Image(class cv::Mat)" (?ff2Image@@YA?AVMat@cv@@V12@@Z) 中被引用
main.obj : error LNK2019: 无法解析的外部符号 "class cv::MatExpr __cdecl cv::operator+(class cv::Mat const &,class cv::Scalar_<double> const &)" (??Hcv@@YA?AVMatExpr@0@ABVMat@0@ABV?$Scalar_@N@0@@Z)，该符号在函数 "class cv::Mat __cdecl grayAmplitude(class cv::Mat)" (?grayAmplitude@@YA?AVMat@cv@@V12@@Z) 中被引用
main.obj : error LNK2019: 无法解析的外部符号 "void __cdecl cv::namedWindow(class std::basic_string<char,struct std::char_traits<char>,class std::allocator<char> > const &,int)" (?namedWindow@cv@@YAXABV?$basic_string@DU?$char_traits@D@std@@V?$allocator@D@2@@std@@H@Z)，该符号在函数 _main 中被引用
main.obj : error LNK2019: 无法解析的外部符号 "int __cdecl cv::waitKey(int)" (?waitKey@cv@@YAHH@Z)，该符号在函数 _main 中被引用
main.obj : error LNK2019: 无法解析的外部符号 "void __cdecl cv::imshow(class std::basic_string<char,struct std::char_traits<char>,class std::allocator<char> > const &,class cv::_InputArray const &)" (?imshow@cv@@YAXABV?$basic_string@DU?$char_traits@D@std@@V?$allocator@D@2@@std@@ABV_InputArray@1@@Z)，该符号在函数 "void __cdecl callback_lpFilter(int,void *)" (?callback_lpFilter@@YAXHPAX@Z) 中被引用
main.obj : error LNK2019: 无法解析的外部符号 "int __cdecl cv::createTrackbar(class std::basic_string<char,struct std::char_traits<char>,class std::allocator<char> > const &,class std::basic_string<char,struct std::char_traits<char>,class std::allocator<char> > const &,int *,int,void (__cdecl*)(int,void *),void *)" (?createTrackbar@cv@@YAHABV?$basic_string@DU?$char_traits@D@std@@V?$allocator@D@2@@std@@0PAHHP6AXHPAX@Z2@Z)，该符号在函数 _main 中被引用
main.obj : error LNK2019: 无法解析的外部符号 "class cv::Mat __cdecl cv::imread(class std::basic_string<char,struct std::char_traits<char>,class std::allocator<char> > const &,int)" (?imread@cv@@YA?AVMat@1@ABV?$basic_string@DU?$char_traits@D@std@@V?$allocator@D@2@@std@@H@Z)，该符号在函数 _main 中被引用
main.obj : error LNK2019: 无法解析的外部符号 "void __cdecl cv::copyMakeBorder(class cv::_InputArray const &,class cv::_OutputArray const &,int,int,int,int,int,class cv::Scalar_<double> const &)" (?copyMakeBorder@cv@@YAXABV_InputArray@1@ABV_OutputArray@1@HHHHHABV?$Scalar_@N@1@@Z)，该符号在函数 "class cv::Mat __cdecl ff2Image(class cv::Mat)" (?ff2Image@@YA?AVMat@cv@@V12@@Z) 中被引用
J:\qzqWorkspace\workspace\VS2015\imageProcess\myStudy\FromBook-Opencv算法精解\11.2.4高通滤波器\Debug\11.2.4高通滤波器.exe : fatal error LNK1120: 28 个无法解析的外部命令
