  main.cpp
main.obj : error LNK2019: 无法解析的外部符号 "__int64 __cdecl cv::getTickCount(void)" (?getTickCount@cv@@YA_JXZ)，该符号在函数 _main 中被引用
main.obj : error LNK2019: 无法解析的外部符号 "void __cdecl cv::fastFree(void *)" (?fastFree@cv@@YAXPAX@Z)，该符号在函数 "public: __thiscall cv::Mat::~Mat(void)" (??1Mat@cv@@QAE@XZ) 中被引用
main.obj : error LNK2019: 无法解析的外部符号 "public: __thiscall cv::_InputArray::_InputArray(class cv::Mat const &)" (??0_InputArray@cv@@QAE@ABVMat@1@@Z)，该符号在函数 _main 中被引用
main.obj : error LNK2001: 无法解析的外部符号 "public: virtual class cv::Mat __thiscall cv::_InputArray::getMat(int)const " (?getMat@_InputArray@cv@@UBE?AVMat@2@H@Z)
main.obj : error LNK2001: 无法解析的外部符号 "public: virtual void __thiscall cv::_InputArray::getMatVector(class std::vector<class cv::Mat,class std::allocator<class cv::Mat> > &)const " (?getMatVector@_InputArray@cv@@UBEXAAV?$vector@VMat@cv@@V?$allocator@VMat@cv@@@std@@@std@@@Z)
main.obj : error LNK2001: 无法解析的外部符号 "public: virtual class cv::GlBuffer __thiscall cv::_InputArray::getGlBuffer(void)const " (?getGlBuffer@_InputArray@cv@@UBE?AVGlBuffer@2@XZ)
main.obj : error LNK2001: 无法解析的外部符号 "public: virtual class cv::GlTexture __thiscall cv::_InputArray::getGlTexture(void)const " (?getGlTexture@_InputArray@cv@@UBE?AVGlTexture@2@XZ)
main.obj : error LNK2001: 无法解析的外部符号 "public: virtual class cv::gpu::GpuMat __thiscall cv::_InputArray::getGpuMat(void)const " (?getGpuMat@_InputArray@cv@@UBE?AVGpuMat@gpu@2@XZ)
main.obj : error LNK2001: 无法解析的外部符号 "public: virtual int __thiscall cv::_InputArray::kind(void)const " (?kind@_InputArray@cv@@UBEHXZ)
main.obj : error LNK2001: 无法解析的外部符号 "public: virtual class cv::Size_<int> __thiscall cv::_InputArray::size(int)const " (?size@_InputArray@cv@@UBE?AV?$Size_@H@2@H@Z)
main.obj : error LNK2001: 无法解析的外部符号 "public: virtual unsigned int __thiscall cv::_InputArray::total(int)const " (?total@_InputArray@cv@@UBEIH@Z)
main.obj : error LNK2001: 无法解析的外部符号 "public: virtual int __thiscall cv::_InputArray::type(int)const " (?type@_InputArray@cv@@UBEHH@Z)
main.obj : error LNK2001: 无法解析的外部符号 "public: virtual int __thiscall cv::_InputArray::depth(int)const " (?depth@_InputArray@cv@@UBEHH@Z)
main.obj : error LNK2001: 无法解析的外部符号 "public: virtual int __thiscall cv::_InputArray::channels(int)const " (?channels@_InputArray@cv@@UBEHH@Z)
main.obj : error LNK2001: 无法解析的外部符号 "public: virtual bool __thiscall cv::_InputArray::empty(void)const " (?empty@_InputArray@cv@@UBE_NXZ)
main.obj : error LNK2019: 无法解析的外部符号 "public: __thiscall cv::_OutputArray::_OutputArray(class cv::Mat &)" (??0_OutputArray@cv@@QAE@AAVMat@1@@Z)，该符号在函数 _main 中被引用
main.obj : error LNK2019: 无法解析的外部符号 "public: void __thiscall cv::Mat::deallocate(void)" (?deallocate@Mat@cv@@QAEXXZ)，该符号在函数 "public: void __thiscall cv::Mat::release(void)" (?release@Mat@cv@@QAEXXZ) 中被引用
main.obj : error LNK2019: 无法解析的外部符号 "public: void __thiscall cv::RNG::fill(class cv::_OutputArray const &,int,class cv::_InputArray const &,class cv::_InputArray const &,bool)" (?fill@RNG@cv@@QAEXABV_OutputArray@2@HABV_InputArray@2@1_N@Z)，该符号在函数 _main 中被引用
main.obj : error LNK2019: 无法解析的外部符号 "int __cdecl cv::waitKey(int)" (?waitKey@cv@@YAHH@Z)，该符号在函数 _main 中被引用
main.obj : error LNK2019: 无法解析的外部符号 "void __cdecl cv::imshow(class std::basic_string<char,struct std::char_traits<char>,class std::allocator<char> > const &,class cv::_InputArray const &)" (?imshow@cv@@YAXABV?$basic_string@DU?$char_traits@D@std@@V?$allocator@D@2@@std@@ABV_InputArray@1@@Z)，该符号在函数 _main 中被引用
J:\qzqWorkspace\workspace\VS2015\imageProcess\myStudy\FromBook-Opencv算法精解\9.1点集的最小凸包\Debug\9.1点集的最小凸包.exe : fatal error LNK1120: 20 个无法解析的外部命令
