  main.cpp
main.obj : error LNK2019: 无法解析的外部符号 "public: __thiscall cv::Exception::Exception(int,class std::basic_string<char,struct std::char_traits<char>,class std::allocator<char> > const &,class std::basic_string<char,struct std::char_traits<char>,class std::allocator<char> > const &,class std::basic_string<char,struct std::char_traits<char>,class std::allocator<char> > const &,int)" (??0Exception@cv@@QAE@HABV?$basic_string@DU?$char_traits@D@std@@V?$allocator@D@2@@std@@00H@Z)，该符号在函数 "public: class cv::MatCommaInitializer_<unsigned char> & __thiscall cv::MatCommaInitializer_<unsigned char>::operator,<int>(int)" (??$?QH@?$MatCommaInitializer_@E@cv@@QAEAAV01@H@Z) 中被引用
main.obj : error LNK2019: 无法解析的外部符号 "public: virtual __thiscall cv::Exception::~Exception(void)" (??1Exception@cv@@UAE@XZ)，该符号在函数 "public: class cv::MatCommaInitializer_<unsigned char> & __thiscall cv::MatCommaInitializer_<unsigned char>::operator,<int>(int)" (??$?QH@?$MatCommaInitializer_@E@cv@@QAEAAV01@H@Z) 中被引用
main.obj : error LNK2019: 无法解析的外部符号 "void __cdecl cv::error(class cv::Exception const &)" (?error@cv@@YAXABVException@1@@Z)，该符号在函数 "public: class cv::MatCommaInitializer_<unsigned char> & __thiscall cv::MatCommaInitializer_<unsigned char>::operator,<int>(int)" (??$?QH@?$MatCommaInitializer_@E@cv@@QAEAAV01@H@Z) 中被引用
main.obj : error LNK2019: 无法解析的外部符号 "void __cdecl cv::fastFree(void *)" (?fastFree@cv@@YAXPAX@Z)，该符号在函数 "public: __thiscall cv::Mat::~Mat(void)" (??1Mat@cv@@QAE@XZ) 中被引用
main.obj : error LNK2001: 无法解析的外部符号 "public: virtual class cv::Mat __thiscall cv::_InputArray::getMat(int)const " (?getMat@_InputArray@cv@@UBE?AVMat@2@H@Z)
main.obj : error LNK2001: 无法解析的外部符号 "public: virtual void __thiscall cv::_InputArray::getMatVector(class std::vector<class cv::Mat,class std::allocator<class cv::Mat> > &)const " (?getMatVector@_InputArray@cv@@UBEXAAV?$vector@VMat@cv@@V?$allocator@VMat@cv@@@std@@@std@@@Z)
main.obj : error LNK2001: 无法解析的外部符号 "public: virtual class cv::GlBuffer __thiscall cv::_InputArray::getGlBuffer(void)const " (?getGlBuffer@_InputArray@cv@@UBE?AVGlBuffer@2@XZ)
main.obj : error LNK2001: 无法解析的外部符号 "public: virtual class cv::GlTexture __thiscall cv::_InputArray::getGlTexture(void)const " (?getGlTexture@_InputArray@cv@@UBE?AVGlTexture@2@XZ)
main.obj : error LNK2001: 无法解析的外部符号 "public: virtual class cv::gpu::GpuMat __thiscall cv::_InputArray::getGpuMat(void)const " (?getGpuMat@_InputArray@cv@@UBE?AVGpuMat@gpu@2@XZ)
main.obj : error LNK2001: 无法解析的外部符号 "public: virtual int __thiscall cv::_InputArray::kind(void)const " (?kind@_InputArray@cv@@UBEHXZ)
main.obj : error LNK2001: 无法解析的外部符号 "public: virtual class cv::Size_<int> __thiscall cv::_InputArray::size(int)const " (?size@_InputArray@cv@@UBE?AV?$Size_@H@2@H@Z)
main.obj : error LNK2001: 无法解析的外部符号 "public: virtual unsigned int __thiscall cv::_InputArray::total(int)const " (?total@_InputArray@cv@@UBEIH@Z)
main.obj : error LNK2001: 无法解析的外部符号 "public: virtual int __thiscall cv::_InputArray::type(int)const " (?type@_InputArray@cv@@UBEHH@Z)
main.obj : error LNK2001: 无法解析的外部符号 "public: virtual int __thiscall cv::_InputArray::depth(int)const " (?depth@_InputArray@cv@@UBEHH@Z)
main.obj : error LNK2001: 无法解析的外部符号 "public: virtual int __thiscall cv::_InputArray::channels(int)const " (?channels@_InputArray@cv@@UBEHH@Z)
main.obj : error LNK2001: 无法解析的外部符号 "public: virtual bool __thiscall cv::_InputArray::empty(void)const " (?empty@_InputArray@cv@@UBE_NXZ)
main.obj : error LNK2001: 无法解析的外部符号 "public: virtual bool __thiscall cv::_OutputArray::fixedSize(void)const " (?fixedSize@_OutputArray@cv@@UBE_NXZ)
main.obj : error LNK2001: 无法解析的外部符号 "public: virtual bool __thiscall cv::_OutputArray::fixedType(void)const " (?fixedType@_OutputArray@cv@@UBE_NXZ)
main.obj : error LNK2001: 无法解析的外部符号 "public: virtual bool __thiscall cv::_OutputArray::needed(void)const " (?needed@_OutputArray@cv@@UBE_NXZ)
main.obj : error LNK2001: 无法解析的外部符号 "public: virtual class cv::Mat & __thiscall cv::_OutputArray::getMatRef(int)const " (?getMatRef@_OutputArray@cv@@UBEAAVMat@2@H@Z)
main.obj : error LNK2001: 无法解析的外部符号 "public: virtual void __thiscall cv::_OutputArray::create(class cv::Size_<int>,int,int,bool,int)const " (?create@_OutputArray@cv@@UBEXV?$Size_@H@2@HH_NH@Z)
main.obj : error LNK2001: 无法解析的外部符号 "public: virtual void __thiscall cv::_OutputArray::create(int,int,int,int,bool,int)const " (?create@_OutputArray@cv@@UBEXHHHH_NH@Z)
main.obj : error LNK2001: 无法解析的外部符号 "public: virtual void __thiscall cv::_OutputArray::create(int,int const *,int,int,bool,int)const " (?create@_OutputArray@cv@@UBEXHPBHHH_NH@Z)
main.obj : error LNK2001: 无法解析的外部符号 "public: virtual void __thiscall cv::_OutputArray::release(void)const " (?release@_OutputArray@cv@@UBEXXZ)
main.obj : error LNK2001: 无法解析的外部符号 "public: virtual void __thiscall cv::_OutputArray::clear(void)const " (?clear@_OutputArray@cv@@UBEXXZ)
main.obj : error LNK2019: 无法解析的外部符号 "public: void __thiscall cv::Mat::convertTo(class cv::_OutputArray const &,int,double,double)const " (?convertTo@Mat@cv@@QBEXABV_OutputArray@2@HNN@Z)，该符号在函数 "public: class cv::Mat_<unsigned char> & __thiscall cv::Mat_<unsigned char>::operator=(class cv::Mat const &)" (??4?$Mat_@E@cv@@QAEAAV01@ABVMat@1@@Z) 中被引用
main.obj : error LNK2019: 无法解析的外部符号 "public: class cv::Mat __thiscall cv::Mat::reshape(int,int,int const *)const " (?reshape@Mat@cv@@QBE?AV12@HHPBH@Z)，该符号在函数 "public: class cv::Mat_<unsigned char> & __thiscall cv::Mat_<unsigned char>::operator=(class cv::Mat const &)" (??4?$Mat_@E@cv@@QAEAAV01@ABVMat@1@@Z) 中被引用
main.obj : error LNK2019: 无法解析的外部符号 "public: void __thiscall cv::Mat::create(int,int const *,int)" (?create@Mat@cv@@QAEXHPBHH@Z)，该符号在函数 "public: void __thiscall cv::Mat::create(int,int,int)" (?create@Mat@cv@@QAEXHHH@Z) 中被引用
main.obj : error LNK2019: 无法解析的外部符号 "public: void __thiscall cv::Mat::deallocate(void)" (?deallocate@Mat@cv@@QAEXXZ)，该符号在函数 "public: void __thiscall cv::Mat::release(void)" (?release@Mat@cv@@QAEXXZ) 中被引用
main.obj : error LNK2019: 无法解析的外部符号 "public: void __thiscall cv::Mat::copySize(class cv::Mat const &)" (?copySize@Mat@cv@@QAEXABV12@@Z)，该符号在函数 "public: __thiscall cv::Mat::Mat(class cv::Mat const &)" (??0Mat@cv@@QAE@ABV01@@Z) 中被引用
main.obj : error LNK2019: 无法解析的外部符号 "public: void __thiscall cv::MatConstIterator::seek(int,bool)" (?seek@MatConstIterator@cv@@QAEXH_N@Z)，该符号在函数 "public: class cv::MatConstIterator & __thiscall cv::MatConstIterator::operator++(void)" (??EMatConstIterator@cv@@QAEAAV01@XZ) 中被引用
main.obj : error LNK2019: 无法解析的外部符号 "public: void __thiscall cv::MatConstIterator::seek(int const *,bool)" (?seek@MatConstIterator@cv@@QAEXPBH_N@Z)，该符号在函数 "public: __thiscall cv::MatConstIterator::MatConstIterator(class cv::Mat const *)" (??0MatConstIterator@cv@@QAE@PBVMat@1@@Z) 中被引用
main.obj : error LNK2019: 无法解析的外部符号 "class cv::MatExpr __cdecl cv::operator+(class cv::Mat const &,class cv::Mat const &)" (??Hcv@@YA?AVMatExpr@0@ABVMat@0@0@Z)，该符号在函数 _main 中被引用
J:\qzqWorkspace\workspace\VS2015\imageProcess\myStudy\FromBook-Opencv算法精解\2.3矩阵的运算\Debug\2.3矩阵的运算.exe : fatal error LNK1120: 33 个无法解析的外部命令
