  main.cpp
main.obj : error LNK2019: 无法解析的外部符号 "public: __thiscall cv::Exception::Exception(int,class std::basic_string<char,struct std::char_traits<char>,class std::allocator<char> > const &,class std::basic_string<char,struct std::char_traits<char>,class std::allocator<char> > const &,class std::basic_string<char,struct std::char_traits<char>,class std::allocator<char> > const &,int)" (??0Exception@cv@@QAE@HABV?$basic_string@DU?$char_traits@D@std@@V?$allocator@D@2@@std@@00H@Z)，该符号在函数 "public: double & __thiscall cv::Mat::at<double>(int,int)" (??$at@N@Mat@cv@@QAEAANHH@Z) 中被引用
main.obj : error LNK2019: 无法解析的外部符号 "public: virtual __thiscall cv::Exception::~Exception(void)" (??1Exception@cv@@UAE@XZ)，该符号在函数 "public: double & __thiscall cv::Mat::at<double>(int,int)" (??$at@N@Mat@cv@@QAEAANHH@Z) 中被引用
main.obj : error LNK2019: 无法解析的外部符号 "void __cdecl cv::error(class cv::Exception const &)" (?error@cv@@YAXABVException@1@@Z)，该符号在函数 "public: double & __thiscall cv::Mat::at<double>(int,int)" (??$at@N@Mat@cv@@QAEAANHH@Z) 中被引用
main.obj : error LNK2019: 无法解析的外部符号 "void __cdecl cv::fastFree(void *)" (?fastFree@cv@@YAXPAX@Z)，该符号在函数 "public: __thiscall cv::Mat::~Mat(void)" (??1Mat@cv@@QAE@XZ) 中被引用
main.obj : error LNK2019: 无法解析的外部符号 "public: __thiscall cv::_InputArray::_InputArray(class cv::Mat const &)" (??0_InputArray@cv@@QAE@ABVMat@1@@Z)，该符号在函数 "class cv::Mat __cdecl JoinBlur(class cv::Mat,class cv::Size_<int>,float,float,int)" (?JoinBlur@@YA?AVMat@cv@@V12@V?$Size_@H@2@MMH@Z) 中被引用
main.obj : error LNK2019: 无法解析的外部符号 "public: __thiscall cv::_InputArray::_InputArray(class cv::MatExpr const &)" (??0_InputArray@cv@@QAE@ABVMatExpr@1@@Z)，该符号在函数 "class cv::Mat __cdecl JoinBlur(class cv::Mat,class cv::Size_<int>,float,float,int)" (?JoinBlur@@YA?AVMat@cv@@V12@V?$Size_@H@2@MMH@Z) 中被引用
main.obj : error LNK2019: 无法解析的外部符号 "public: __thiscall cv::_OutputArray::_OutputArray(class cv::Mat &)" (??0_OutputArray@cv@@QAE@AAVMat@1@@Z)，该符号在函数 "class cv::Mat __cdecl JoinBlur(class cv::Mat,class cv::Size_<int>,float,float,int)" (?JoinBlur@@YA?AVMat@cv@@V12@V?$Size_@H@2@MMH@Z) 中被引用
main.obj : error LNK2019: 无法解析的外部符号 "public: __thiscall cv::Mat::Mat(class cv::Mat const &,class cv::Rect_<int> const &)" (??0Mat@cv@@QAE@ABV01@ABV?$Rect_@H@1@@Z)，该符号在函数 "public: class cv::Mat __thiscall cv::Mat::operator()(class cv::Rect_<int> const &)const " (??RMat@cv@@QBE?AV01@ABV?$Rect_@H@1@@Z) 中被引用
main.obj : error LNK2019: 无法解析的外部符号 "public: void __thiscall cv::Mat::convertTo(class cv::_OutputArray const &,int,double,double)const " (?convertTo@Mat@cv@@QBEXABV_OutputArray@2@HNN@Z)，该符号在函数 _main 中被引用
main.obj : error LNK2019: 无法解析的外部符号 "public: class cv::MatExpr __thiscall cv::Mat::mul(class cv::_InputArray const &,double)const " (?mul@Mat@cv@@QBE?AVMatExpr@2@ABV_InputArray@2@N@Z)，该符号在函数 "class cv::Mat __cdecl JoinBlur(class cv::Mat,class cv::Size_<int>,float,float,int)" (?JoinBlur@@YA?AVMat@cv@@V12@V?$Size_@H@2@MMH@Z) 中被引用
main.obj : error LNK2019: 无法解析的外部符号 "public: static class cv::MatExpr __cdecl cv::Mat::zeros(class cv::Size_<int>,int)" (?zeros@Mat@cv@@SA?AVMatExpr@2@V?$Size_@H@2@H@Z)，该符号在函数 "class cv::Mat __cdecl JoinBlur(class cv::Mat,class cv::Size_<int>,float,float,int)" (?JoinBlur@@YA?AVMat@cv@@V12@V?$Size_@H@2@MMH@Z) 中被引用
main.obj : error LNK2019: 无法解析的外部符号 "public: void __thiscall cv::Mat::deallocate(void)" (?deallocate@Mat@cv@@QAEXXZ)，该符号在函数 "public: void __thiscall cv::Mat::release(void)" (?release@Mat@cv@@QAEXXZ) 中被引用
main.obj : error LNK2019: 无法解析的外部符号 "public: void __thiscall cv::Mat::copySize(class cv::Mat const &)" (?copySize@Mat@cv@@QAEXABV12@@Z)，该符号在函数 "public: __thiscall cv::Mat::Mat(class cv::Mat const &)" (??0Mat@cv@@QAE@ABV01@@Z) 中被引用
main.obj : error LNK2019: 无法解析的外部符号 "class cv::Scalar_<double> __cdecl cv::sum(class cv::_InputArray const &)" (?sum@cv@@YA?AV?$Scalar_@N@1@ABV_InputArray@1@@Z)，该符号在函数 "class cv::Mat __cdecl JoinBlur(class cv::Mat,class cv::Size_<int>,float,float,int)" (?JoinBlur@@YA?AVMat@cv@@V12@V?$Size_@H@2@MMH@Z) 中被引用
main.obj : error LNK2019: 无法解析的外部符号 "void __cdecl cv::pow(class cv::_InputArray const &,double,class cv::_OutputArray const &)" (?pow@cv@@YAXABV_InputArray@1@NABV_OutputArray@1@@Z)，该符号在函数 "class cv::Mat __cdecl JoinBlur(class cv::Mat,class cv::Size_<int>,float,float,int)" (?JoinBlur@@YA?AVMat@cv@@V12@V?$Size_@H@2@MMH@Z) 中被引用
main.obj : error LNK2019: 无法解析的外部符号 "void __cdecl cv::exp(class cv::_InputArray const &,class cv::_OutputArray const &)" (?exp@cv@@YAXABV_InputArray@1@ABV_OutputArray@1@@Z)，该符号在函数 "class cv::Mat __cdecl JoinBlur(class cv::Mat,class cv::Size_<int>,float,float,int)" (?JoinBlur@@YA?AVMat@cv@@V12@V?$Size_@H@2@MMH@Z) 中被引用
main.obj : error LNK2019: 无法解析的外部符号 "class cv::MatExpr __cdecl cv::operator-(class cv::Mat const &,class cv::Scalar_<double> const &)" (??Gcv@@YA?AVMatExpr@0@ABVMat@0@ABV?$Scalar_@N@0@@Z)，该符号在函数 "class cv::Mat __cdecl JoinBlur(class cv::Mat,class cv::Size_<int>,float,float,int)" (?JoinBlur@@YA?AVMat@cv@@V12@V?$Size_@H@2@MMH@Z) 中被引用
main.obj : error LNK2019: 无法解析的外部符号 "class cv::MatExpr __cdecl cv::operator*(double,class cv::Mat const &)" (??Dcv@@YA?AVMatExpr@0@NABVMat@0@@Z)，该符号在函数 "class cv::Mat __cdecl JoinBlur(class cv::Mat,class cv::Size_<int>,float,float,int)" (?JoinBlur@@YA?AVMat@cv@@V12@V?$Size_@H@2@MMH@Z) 中被引用
main.obj : error LNK2019: 无法解析的外部符号 "class cv::MatExpr __cdecl cv::operator/(class cv::Mat const &,double)" (??Kcv@@YA?AVMatExpr@0@ABVMat@0@N@Z)，该符号在函数 "class cv::Mat __cdecl JoinBlur(class cv::Mat,class cv::Size_<int>,float,float,int)" (?JoinBlur@@YA?AVMat@cv@@V12@V?$Size_@H@2@MMH@Z) 中被引用
main.obj : error LNK2019: 无法解析的外部符号 "class cv::MatExpr __cdecl cv::operator/(class cv::MatExpr const &,double)" (??Kcv@@YA?AVMatExpr@0@ABV10@N@Z)，该符号在函数 "class cv::Mat __cdecl JoinBlur(class cv::Mat,class cv::Size_<int>,float,float,int)" (?JoinBlur@@YA?AVMat@cv@@V12@V?$Size_@H@2@MMH@Z) 中被引用
main.obj : error LNK2019: 无法解析的外部符号 "int __cdecl cv::waitKey(int)" (?waitKey@cv@@YAHH@Z)，该符号在函数 _main 中被引用
main.obj : error LNK2019: 无法解析的外部符号 "void __cdecl cv::imshow(class std::basic_string<char,struct std::char_traits<char>,class std::allocator<char> > const &,class cv::_InputArray const &)" (?imshow@cv@@YAXABV?$basic_string@DU?$char_traits@D@std@@V?$allocator@D@2@@std@@ABV_InputArray@1@@Z)，该符号在函数 _main 中被引用
main.obj : error LNK2019: 无法解析的外部符号 "class cv::Mat __cdecl cv::imread(class std::basic_string<char,struct std::char_traits<char>,class std::allocator<char> > const &,int)" (?imread@cv@@YA?AVMat@1@ABV?$basic_string@DU?$char_traits@D@std@@V?$allocator@D@2@@std@@H@Z)，该符号在函数 _main 中被引用
main.obj : error LNK2019: 无法解析的外部符号 "void __cdecl cv::copyMakeBorder(class cv::_InputArray const &,class cv::_OutputArray const &,int,int,int,int,int,class cv::Scalar_<double> const &)" (?copyMakeBorder@cv@@YAXABV_InputArray@1@ABV_OutputArray@1@HHHHHABV?$Scalar_@N@1@@Z)，该符号在函数 "class cv::Mat __cdecl JoinBlur(class cv::Mat,class cv::Size_<int>,float,float,int)" (?JoinBlur@@YA?AVMat@cv@@V12@V?$Size_@H@2@MMH@Z) 中被引用
main.obj : error LNK2019: 无法解析的外部符号 "void __cdecl cv::GaussianBlur(class cv::_InputArray const &,class cv::_OutputArray const &,class cv::Size_<int>,double,double,int)" (?GaussianBlur@cv@@YAXABV_InputArray@1@ABV_OutputArray@1@V?$Size_@H@1@NNH@Z)，该符号在函数 "class cv::Mat __cdecl JoinBlur(class cv::Mat,class cv::Size_<int>,float,float,int)" (?JoinBlur@@YA?AVMat@cv@@V12@V?$Size_@H@2@MMH@Z) 中被引用
J:\qzqWorkspace\workspace\VS2015\imageProcess\myStudy\FromBook-Opencv算法精解\5.6联合双边滤波\Debug\5.6联合双边滤波.exe : fatal error LNK1120: 25 个无法解析的外部命令
